<?xml version="1.0" encoding="UTF-8"?>
<!-- Generated by org.testng.reporters.JUnitXMLReporter -->
<testsuite hostname="S84196834" ignored="0" tests="7" failures="0" timestamp="2023-08-03T00:42:04 EET" time="5.648" errors="0">
  <testcase name="requestUsZipCode90210_checkContentType_expectApplicationJson" time="2.591" classname="BasicFeaturesCapabilities"/>
  <testcase name="requestUsZipCode90210_checkListOfPlaceNameResponseBody_expectContainsBeverlyHills" time="1.021" classname="BasicFeaturesCapabilities"/>
  <testcase name="requestUsZipCode90210_checkNumberOfPlaceNameInResponseBody_expectOne" time="0.385" classname="BasicFeaturesCapabilities"/>
  <testcase name="requestUsZipCode90210_checkPlaceNameInResponseBody_expectBeverlyHills" time="0.383" classname="BasicFeaturesCapabilities"/>
  <testcase name="requestUsZipCode90210_checkRequestAndResponseDetails" time="0.387" classname="BasicFeaturesCapabilities"/>
  <testcase name="requestUsZipCode90210_checkStateNameInResponseBody_expectCalifornia" time="0.367" classname="BasicFeaturesCapabilities"/>
  <testcase name="requestUsZipCode90210_checkStatusCode_expectHttp200" time="0.453" classname="BasicFeaturesCapabilities"/>
</testsuite>
