<?xml version="1.0" encoding="UTF-8"?>
<testng-results skipped="0" failed="0" ignored="0" total="7" passed="7">
  <reporter-output>
  </reporter-output>
  <suite name="Default Suite" duration-ms="5648" started-at="2023-08-03T00:41:59 EET" finished-at="2023-08-03T00:42:04 EET">
    <groups>
    </groups>
    <test name="RestAssuredApiTest" duration-ms="5648" started-at="2023-08-03T00:41:59 EET" finished-at="2023-08-03T00:42:04 EET">
      <class name="BasicFeaturesCapabilities">
        <test-method status="PASS" signature="requestUsZipCode90210_checkContentType_expectApplicationJson()[pri:0, instance:BasicFeaturesCapabilities@3532ec19]" name="requestUsZipCode90210_checkContentType_expectApplicationJson" duration-ms="2591" started-at="2023-08-03T00:41:59 EET" finished-at="2023-08-03T00:42:01 EET">
          <reporter-output>
          </reporter-output>
        </test-method> <!-- requestUsZipCode90210_checkContentType_expectApplicationJson -->
        <test-method status="PASS" signature="requestUsZipCode90210_checkListOfPlaceNameResponseBody_expectContainsBeverlyHills()[pri:0, instance:BasicFeaturesCapabilities@3532ec19]" name="requestUsZipCode90210_checkListOfPlaceNameResponseBody_expectContainsBeverlyHills" duration-ms="1021" started-at="2023-08-03T00:42:01 EET" finished-at="2023-08-03T00:42:02 EET">
          <reporter-output>
          </reporter-output>
        </test-method> <!-- requestUsZipCode90210_checkListOfPlaceNameResponseBody_expectContainsBeverlyHills -->
        <test-method status="PASS" signature="requestUsZipCode90210_checkNumberOfPlaceNameInResponseBody_expectOne()[pri:0, instance:BasicFeaturesCapabilities@3532ec19]" name="requestUsZipCode90210_checkNumberOfPlaceNameInResponseBody_expectOne" duration-ms="385" started-at="2023-08-03T00:42:02 EET" finished-at="2023-08-03T00:42:03 EET">
          <reporter-output>
          </reporter-output>
        </test-method> <!-- requestUsZipCode90210_checkNumberOfPlaceNameInResponseBody_expectOne -->
        <test-method status="PASS" signature="requestUsZipCode90210_checkPlaceNameInResponseBody_expectBeverlyHills()[pri:0, instance:BasicFeaturesCapabilities@3532ec19]" name="requestUsZipCode90210_checkPlaceNameInResponseBody_expectBeverlyHills" duration-ms="383" started-at="2023-08-03T00:42:03 EET" finished-at="2023-08-03T00:42:03 EET">
          <reporter-output>
          </reporter-output>
        </test-method> <!-- requestUsZipCode90210_checkPlaceNameInResponseBody_expectBeverlyHills -->
        <test-method status="PASS" signature="requestUsZipCode90210_checkRequestAndResponseDetails()[pri:0, instance:BasicFeaturesCapabilities@3532ec19]" name="requestUsZipCode90210_checkRequestAndResponseDetails" duration-ms="387" started-at="2023-08-03T00:42:03 EET" finished-at="2023-08-03T00:42:04 EET">
          <reporter-output>
          </reporter-output>
        </test-method> <!-- requestUsZipCode90210_checkRequestAndResponseDetails -->
        <test-method status="PASS" signature="requestUsZipCode90210_checkStateNameInResponseBody_expectCalifornia()[pri:0, instance:BasicFeaturesCapabilities@3532ec19]" name="requestUsZipCode90210_checkStateNameInResponseBody_expectCalifornia" duration-ms="367" started-at="2023-08-03T00:42:04 EET" finished-at="2023-08-03T00:42:04 EET">
          <reporter-output>
          </reporter-output>
        </test-method> <!-- requestUsZipCode90210_checkStateNameInResponseBody_expectCalifornia -->
        <test-method status="PASS" signature="requestUsZipCode90210_checkStatusCode_expectHttp200()[pri:0, instance:BasicFeaturesCapabilities@3532ec19]" name="requestUsZipCode90210_checkStatusCode_expectHttp200" duration-ms="453" started-at="2023-08-03T00:42:04 EET" finished-at="2023-08-03T00:42:04 EET">
          <reporter-output>
          </reporter-output>
        </test-method> <!-- requestUsZipCode90210_checkStatusCode_expectHttp200 -->
      </class> <!-- BasicFeaturesCapabilities -->
    </test> <!-- RestAssuredApiTest -->
  </suite> <!-- Default Suite -->
</testng-results>
